This file contains any messages produced by compilers while
running configure, to aid debugging if configure makes a mistake.

It was created by ocelot configure 0.6, which was
generated by GNU Autoconf 2.69.  Invocation command line was

  $ ./configure 

## --------- ##
## Platform. ##
## --------- ##

hostname = ip-10-238-167-80
uname -m = x86_64
uname -r = 3.2.0-4-amd64
uname -s = Linux
uname -v = #1 SMP Debian 3.2.46-1

/usr/bin/uname -p = unknown
/bin/uname -X     = unknown

/bin/arch              = unknown
/usr/bin/arch -k       = unknown
/usr/convex/getsysinfo = unknown
/usr/bin/hostinfo      = unknown
/bin/machine           = unknown
/usr/bin/oslevel       = unknown
/bin/universe          = unknown

PATH: /usr/local/sbin
PATH: /usr/local/bin
PATH: /usr/sbin
PATH: /usr/bin
PATH: /sbin
PATH: /bin


## ----------- ##
## Core tests. ##
## ----------- ##

configure:2282: checking for a BSD-compatible install
configure:2350: result: /usr/bin/install -c
configure:2361: checking whether build environment is sane
configure:2416: result: yes
configure:2567: checking for a thread-safe mkdir -p
configure:2606: result: /bin/mkdir -p
configure:2613: checking for gawk
configure:2643: result: no
configure:2613: checking for mawk
configure:2629: found /usr/bin/mawk
configure:2640: result: mawk
configure:2651: checking whether make sets $(MAKE)
configure:2673: result: yes
configure:2702: checking whether make supports nested variables
configure:2719: result: yes
configure:2848: checking for g++
configure:2864: found /usr/bin/g++
configure:2875: result: g++
configure:2902: checking for C++ compiler version
configure:2911: g++ --version >&5
g++ (Debian 4.7.2-5) 4.7.2
Copyright (C) 2012 Free Software Foundation, Inc.
This is free software; see the source for copying conditions.  There is NO
warranty; not even for MERCHANTABILITY or FITNESS FOR A PARTICULAR PURPOSE.

configure:2922: $? = 0
configure:2911: g++ -v >&5
Using built-in specs.
COLLECT_GCC=g++
COLLECT_LTO_WRAPPER=/usr/lib/gcc/x86_64-linux-gnu/4.7/lto-wrapper
Target: x86_64-linux-gnu
Configured with: ../src/configure -v --with-pkgversion='Debian 4.7.2-5' --with-bugurl=file:///usr/share/doc/gcc-4.7/README.Bugs --enable-languages=c,c++,go,fortran,objc,obj-c++ --prefix=/usr --program-suffix=-4.7 --enable-shared --enable-linker-build-id --with-system-zlib --libexecdir=/usr/lib --without-included-gettext --enable-threads=posix --with-gxx-include-dir=/usr/include/c++/4.7 --libdir=/usr/lib --enable-nls --with-sysroot=/ --enable-clocale=gnu --enable-libstdcxx-debug --enable-libstdcxx-time=yes --enable-gnu-unique-object --enable-plugin --enable-objc-gc --with-arch-32=i586 --with-tune=generic --enable-checking=release --build=x86_64-linux-gnu --host=x86_64-linux-gnu --target=x86_64-linux-gnu
Thread model: posix
gcc version 4.7.2 (Debian 4.7.2-5) 
configure:2922: $? = 0
configure:2911: g++ -V >&5
g++: error: unrecognized command line option '-V'
g++: fatal error: no input files
compilation terminated.
configure:2922: $? = 4
configure:2911: g++ -qversion >&5
g++: error: unrecognized command line option '-qversion'
g++: fatal error: no input files
compilation terminated.
configure:2922: $? = 4
configure:2942: checking whether the C++ compiler works
configure:2964: g++  -std=c++0x -march=native -O2 -fomit-frame-pointer -fno-ident -fvisibility-inlines-hidden -fvisibility=hidden -Wall -Wfatal-errors -iquote -Wl,O1 -Wl,--as-needed   conftest.cpp  >&5
configure:2968: $? = 0
configure:3016: result: yes
configure:3019: checking for C++ compiler default output file name
configure:3021: result: a.out
configure:3027: checking for suffix of executables
configure:3034: g++ -o conftest  -std=c++0x -march=native -O2 -fomit-frame-pointer -fno-ident -fvisibility-inlines-hidden -fvisibility=hidden -Wall -Wfatal-errors -iquote -Wl,O1 -Wl,--as-needed   conftest.cpp  >&5
configure:3038: $? = 0
configure:3060: result: 
configure:3082: checking whether we are cross compiling
configure:3090: g++ -o conftest  -std=c++0x -march=native -O2 -fomit-frame-pointer -fno-ident -fvisibility-inlines-hidden -fvisibility=hidden -Wall -Wfatal-errors -iquote -Wl,O1 -Wl,--as-needed   conftest.cpp  >&5
configure:3094: $? = 0
configure:3101: ./conftest
configure:3105: $? = 0
configure:3120: result: no
configure:3125: checking for suffix of object files
configure:3147: g++ -c  -std=c++0x -march=native -O2 -fomit-frame-pointer -fno-ident -fvisibility-inlines-hidden -fvisibility=hidden -Wall -Wfatal-errors -iquote -Wl,O1 -Wl,--as-needed  conftest.cpp >&5
configure:3151: $? = 0
configure:3172: result: o
configure:3176: checking whether we are using the GNU C++ compiler
configure:3195: g++ -c  -std=c++0x -march=native -O2 -fomit-frame-pointer -fno-ident -fvisibility-inlines-hidden -fvisibility=hidden -Wall -Wfatal-errors -iquote -Wl,O1 -Wl,--as-needed  conftest.cpp >&5
configure:3195: $? = 0
configure:3204: result: yes
configure:3213: checking whether g++ accepts -g
configure:3233: g++ -c -g  conftest.cpp >&5
configure:3233: $? = 0
configure:3274: result: yes
configure:3308: checking for style of include used by make
configure:3336: result: GNU
configure:3362: checking dependency style of g++
configure:3473: result: gcc3
configure:3540: checking for boostlib >= 1.37
configure:3609: g++ -c  -std=c++0x -march=native -O2 -fomit-frame-pointer -fno-ident -fvisibility-inlines-hidden -fvisibility=hidden -Wall -Wfatal-errors -iquote -Wl,O1 -Wl,--as-needed  -I/usr/include conftest.cpp >&5
configure:3609: $? = 0
configure:3611: result: yes
configure:3805: checking for gcc
configure:3821: found /usr/bin/gcc
configure:3832: result: gcc
configure:4061: checking for C compiler version
configure:4070: gcc --version >&5
gcc (Debian 4.7.2-5) 4.7.2
Copyright (C) 2012 Free Software Foundation, Inc.
This is free software; see the source for copying conditions.  There is NO
warranty; not even for MERCHANTABILITY or FITNESS FOR A PARTICULAR PURPOSE.

configure:4081: $? = 0
configure:4070: gcc -v >&5
Using built-in specs.
COLLECT_GCC=gcc
COLLECT_LTO_WRAPPER=/usr/lib/gcc/x86_64-linux-gnu/4.7/lto-wrapper
Target: x86_64-linux-gnu
Configured with: ../src/configure -v --with-pkgversion='Debian 4.7.2-5' --with-bugurl=file:///usr/share/doc/gcc-4.7/README.Bugs --enable-languages=c,c++,go,fortran,objc,obj-c++ --prefix=/usr --program-suffix=-4.7 --enable-shared --enable-linker-build-id --with-system-zlib --libexecdir=/usr/lib --without-included-gettext --enable-threads=posix --with-gxx-include-dir=/usr/include/c++/4.7 --libdir=/usr/lib --enable-nls --with-sysroot=/ --enable-clocale=gnu --enable-libstdcxx-debug --enable-libstdcxx-time=yes --enable-gnu-unique-object --enable-plugin --enable-objc-gc --with-arch-32=i586 --with-tune=generic --enable-checking=release --build=x86_64-linux-gnu --host=x86_64-linux-gnu --target=x86_64-linux-gnu
Thread model: posix
gcc version 4.7.2 (Debian 4.7.2-5) 
configure:4081: $? = 0
configure:4070: gcc -V >&5
gcc: error: unrecognized command line option '-V'
gcc: fatal error: no input files
compilation terminated.
configure:4081: $? = 4
configure:4070: gcc -qversion >&5
gcc: error: unrecognized command line option '-qversion'
gcc: fatal error: no input files
compilation terminated.
configure:4081: $? = 4
configure:4085: checking whether we are using the GNU C compiler
configure:4104: gcc -c   conftest.c >&5
configure:4104: $? = 0
configure:4113: result: yes
configure:4122: checking whether gcc accepts -g
configure:4142: gcc -c -g  conftest.c >&5
configure:4142: $? = 0
configure:4183: result: yes
configure:4200: checking for gcc option to accept ISO C89
configure:4263: gcc  -c -g -O2  conftest.c >&5
configure:4263: $? = 0
configure:4276: result: none needed
configure:4298: checking dependency style of gcc
configure:4409: result: gcc3
configure:4456: checking whether the Boost::IOStreams library is available
configure:4484: g++ -c  -std=c++0x -march=native -O2 -fomit-frame-pointer -fno-ident -fvisibility-inlines-hidden -fvisibility=hidden -Wall -Wfatal-errors -iquote -Wl,O1 -Wl,--as-needed  -I/usr/include conftest.cpp >&5
configure:4484: $? = 0
configure:4498: result: yes
configure:4509: checking for exit in -lboost_iostreams-mt
configure:4534: gcc -o conftest -g -O2  -I/usr/include  -L/usr/lib conftest.c -lboost_iostreams-mt   >&5
conftest.c:18:6: warning: conflicting types for built-in function 'exit' [enabled by default]
configure:4534: $? = 0
configure:4544: result: yes
configure:4662: checking build system type
configure:4676: result: x86_64-unknown-linux-gnu
configure:4728: checking whether the Boost::System library is available
configure:4752: g++ -c  -std=c++0x -march=native -O2 -fomit-frame-pointer -fno-ident -fvisibility-inlines-hidden -fvisibility=hidden -Wall -Wfatal-errors -iquote -Wl,O1 -Wl,--as-needed  -I/usr/include conftest.cpp >&5
conftest.cpp: In function 'int main()':
conftest.cpp:16:3: warning: statement is a reference, not call, to function 'boost::system::system_category' [-Waddress]
conftest.cpp:16:3: warning: statement has no effect [-Wunused-value]
configure:4752: $? = 0
configure:4767: result: yes
configure:4782: checking for exit in -lboost_system
configure:4807: gcc -o conftest -g -O2  -I/usr/include  -L/usr/lib conftest.c -lboost_system   >&5
conftest.c:19:6: warning: conflicting types for built-in function 'exit' [enabled by default]
configure:4807: $? = 0
configure:4817: result: yes
configure:4969: checking whether the Boost::Thread library is available
configure:5001: g++ -c -pthread  -std=c++0x -march=native -O2 -fomit-frame-pointer -fno-ident -fvisibility-inlines-hidden -fvisibility=hidden -Wall -Wfatal-errors -iquote -Wl,O1 -Wl,--as-needed  -I/usr/include conftest.cpp >&5
configure:5001: $? = 0
configure:5016: result: yes
configure:5045: checking for exit in -lboost_thread-mt
configure:5070: gcc -o conftest -g -O2  -I/usr/include  -L/usr/lib conftest.c -lboost_thread-mt   >&5
conftest.c:20:6: warning: conflicting types for built-in function 'exit' [enabled by default]
configure:5070: $? = 0
configure:5080: result: yes
configure:5213: checking how to run the C preprocessor
configure:5244: gcc -E  conftest.c
configure:5244: $? = 0
configure:5258: gcc -E  conftest.c
conftest.c:13:28: fatal error: ac_nonexistent.h: No such file or directory
compilation terminated.
configure:5258: $? = 1
configure: failed program was:
| /* confdefs.h */
| #define PACKAGE_NAME "ocelot"
| #define PACKAGE_TARNAME "ocelot"
| #define PACKAGE_VERSION "0.6"
| #define PACKAGE_STRING "ocelot 0.6"
| #define PACKAGE_BUGREPORT ""
| #define PACKAGE_URL ""
| #define HAVE_BOOST /**/
| #define HAVE_BOOST_IOSTREAMS /**/
| #define HAVE_BOOST_SYSTEM /**/
| #define HAVE_BOOST_THREAD /**/
| /* end confdefs.h.  */
| #include <ac_nonexistent.h>
configure:5283: result: gcc -E
configure:5303: gcc -E  conftest.c
configure:5303: $? = 0
configure:5317: gcc -E  conftest.c
conftest.c:13:28: fatal error: ac_nonexistent.h: No such file or directory
compilation terminated.
configure:5317: $? = 1
configure: failed program was:
| /* confdefs.h */
| #define PACKAGE_NAME "ocelot"
| #define PACKAGE_TARNAME "ocelot"
| #define PACKAGE_VERSION "0.6"
| #define PACKAGE_STRING "ocelot 0.6"
| #define PACKAGE_BUGREPORT ""
| #define PACKAGE_URL ""
| #define HAVE_BOOST /**/
| #define HAVE_BOOST_IOSTREAMS /**/
| #define HAVE_BOOST_SYSTEM /**/
| #define HAVE_BOOST_THREAD /**/
| /* end confdefs.h.  */
| #include <ac_nonexistent.h>
configure:5346: checking for grep that handles long lines and -e
configure:5404: result: /bin/grep
configure:5409: checking for egrep
configure:5471: result: /bin/grep -E
configure:5476: checking for ANSI C header files
configure:5496: gcc -c -g -O2  conftest.c >&5
configure:5496: $? = 0
configure:5569: gcc -o conftest -g -O2   conftest.c  >&5
configure:5569: $? = 0
configure:5569: ./conftest
configure:5569: $? = 0
configure:5580: result: yes
configure:5593: checking for sys/types.h
configure:5593: gcc -c -g -O2  conftest.c >&5
configure:5593: $? = 0
configure:5593: result: yes
configure:5593: checking for sys/stat.h
configure:5593: gcc -c -g -O2  conftest.c >&5
configure:5593: $? = 0
configure:5593: result: yes
configure:5593: checking for stdlib.h
configure:5593: gcc -c -g -O2  conftest.c >&5
configure:5593: $? = 0
configure:5593: result: yes
configure:5593: checking for string.h
configure:5593: gcc -c -g -O2  conftest.c >&5
configure:5593: $? = 0
configure:5593: result: yes
configure:5593: checking for memory.h
configure:5593: gcc -c -g -O2  conftest.c >&5
configure:5593: $? = 0
configure:5593: result: yes
configure:5593: checking for strings.h
configure:5593: gcc -c -g -O2  conftest.c >&5
configure:5593: $? = 0
configure:5593: result: yes
configure:5593: checking for inttypes.h
configure:5593: gcc -c -g -O2  conftest.c >&5
configure:5593: $? = 0
configure:5593: result: yes
configure:5593: checking for stdint.h
configure:5593: gcc -c -g -O2  conftest.c >&5
configure:5593: $? = 0
configure:5593: result: yes
configure:5593: checking for unistd.h
configure:5593: gcc -c -g -O2  conftest.c >&5
configure:5593: $? = 0
configure:5593: result: yes
configure:5645: checking for MySQL library directory
configure:5661: error: Didn't find mysqlclient library in '/usr/lib64 /usr/lib /usr/lib64/mysql /usr/lib/mysql /usr/local/lib64 /usr/local/lib /usr/local/lib/mysql /usr/local/mysql/lib /usr/local/mysql/lib/mysql /usr/mysql/lib/mysql /opt/mysql/lib /opt/mysql/lib/mysql /sw/lib /sw/lib/mysql'

## ---------------- ##
## Cache variables. ##
## ---------------- ##

ac_cv_build=x86_64-unknown-linux-gnu
ac_cv_c_compiler_gnu=yes
ac_cv_cxx_compiler_gnu=yes
ac_cv_env_CCC_set=
ac_cv_env_CCC_value=
ac_cv_env_CC_set=
ac_cv_env_CC_value=
ac_cv_env_CFLAGS_set=
ac_cv_env_CFLAGS_value=
ac_cv_env_CPPFLAGS_set=
ac_cv_env_CPPFLAGS_value=
ac_cv_env_CPP_set=
ac_cv_env_CPP_value=
ac_cv_env_CXXFLAGS_set=
ac_cv_env_CXXFLAGS_value=
ac_cv_env_CXX_set=
ac_cv_env_CXX_value=
ac_cv_env_LDFLAGS_set=
ac_cv_env_LDFLAGS_value=
ac_cv_env_LIBS_set=
ac_cv_env_LIBS_value=
ac_cv_env_build_alias_set=
ac_cv_env_build_alias_value=
ac_cv_env_host_alias_set=
ac_cv_env_host_alias_value=
ac_cv_env_target_alias_set=
ac_cv_env_target_alias_value=
ac_cv_header_inttypes_h=yes
ac_cv_header_memory_h=yes
ac_cv_header_stdc=yes
ac_cv_header_stdint_h=yes
ac_cv_header_stdlib_h=yes
ac_cv_header_string_h=yes
ac_cv_header_strings_h=yes
ac_cv_header_sys_stat_h=yes
ac_cv_header_sys_types_h=yes
ac_cv_header_unistd_h=yes
ac_cv_lib_boost_iostreams_mt___exit=yes
ac_cv_lib_boost_system___exit=yes
ac_cv_lib_boost_thread_mt___exit=yes
ac_cv_objext=o
ac_cv_path_EGREP='/bin/grep -E'
ac_cv_path_GREP=/bin/grep
ac_cv_path_install='/usr/bin/install -c'
ac_cv_path_mkdir=/bin/mkdir
ac_cv_prog_AWK=mawk
ac_cv_prog_CPP='gcc -E'
ac_cv_prog_ac_ct_CC=gcc
ac_cv_prog_ac_ct_CXX=g++
ac_cv_prog_cc_c89=
ac_cv_prog_cc_g=yes
ac_cv_prog_cxx_g=yes
ac_cv_prog_make_make_set=yes
am_cv_CC_dependencies_compiler_type=gcc3
am_cv_CXX_dependencies_compiler_type=gcc3
am_cv_make_support_nested_variables=yes
ax_cv_boost_iostreams=yes
ax_cv_boost_system=yes
ax_cv_boost_thread=yes

## ----------------- ##
## Output variables. ##
## ----------------- ##

ACLOCAL='${SHELL} /var/www/ocelot-0.6/missing aclocal-1.13'
AMDEPBACKSLASH='\'
AMDEP_FALSE='#'
AMDEP_TRUE=''
AMTAR='$${TAR-tar}'
AM_BACKSLASH='\'
AM_DEFAULT_V='$(AM_DEFAULT_VERBOSITY)'
AM_DEFAULT_VERBOSITY='1'
AM_V='$(V)'
AUTOCONF='${SHELL} /var/www/ocelot-0.6/missing autoconf'
AUTOHEADER='${SHELL} /var/www/ocelot-0.6/missing autoheader'
AUTOMAKE='${SHELL} /var/www/ocelot-0.6/missing automake-1.13'
AWK='mawk'
BOOST_CPPFLAGS='-pthread -I/usr/include'
BOOST_IOSTREAMS_LIB='-lboost_iostreams-mt'
BOOST_LDFLAGS='-L/usr/lib'
BOOST_SYSTEM_LIB='-lboost_system'
BOOST_THREAD_LIB='-lboost_thread-mt'
CC='gcc'
CCDEPMODE='depmode=gcc3'
CFLAGS='-g -O2'
CPP='gcc -E'
CPPFLAGS=''
CXX='g++'
CXXDEPMODE='depmode=gcc3'
CXXFLAGS=' -std=c++0x -march=native -O2 -fomit-frame-pointer -fno-ident -fvisibility-inlines-hidden -fvisibility=hidden -Wall -Wfatal-errors -iquote -Wl,O1 -Wl,--as-needed'
CYGPATH_W='echo'
DEFS=''
DEPDIR='.deps'
ECHO_C=''
ECHO_N='-n'
ECHO_T=''
EGREP='/bin/grep -E'
EV_INC_DIR=''
EV_LIB_DIR=''
EXEEXT=''
GREP='/bin/grep'
INSTALL_DATA='${INSTALL} -m 644'
INSTALL_PROGRAM='${INSTALL}'
INSTALL_SCRIPT='${INSTALL}'
INSTALL_STRIP_PROGRAM='$(install_sh) -c -s'
LDFLAGS=''
LIBOBJS=''
LIBS=''
LTLIBOBJS=''
MAKEINFO='${SHELL} /var/www/ocelot-0.6/missing makeinfo'
MKDIR_P='/bin/mkdir -p'
MYSQLPP_INC_DIR=''
MYSQLPP_LIB_DIR=''
MYSQL_C_INC_DIR=''
MYSQL_C_LIB_DIR=''
MYSQL_C_LIB_NAME='mysqlclient'
OBJEXT='o'
PACKAGE='ocelot'
PACKAGE_BUGREPORT=''
PACKAGE_NAME='ocelot'
PACKAGE_STRING='ocelot 0.6'
PACKAGE_TARNAME='ocelot'
PACKAGE_URL=''
PACKAGE_VERSION='0.6'
PATH_SEPARATOR=':'
SET_MAKE=''
SHELL='/bin/bash'
STRIP=''
VERSION='0.6'
ac_ct_CC='gcc'
ac_ct_CXX='g++'
am__EXEEXT_FALSE=''
am__EXEEXT_TRUE=''
am__fastdepCC_FALSE='#'
am__fastdepCC_TRUE=''
am__fastdepCXX_FALSE='#'
am__fastdepCXX_TRUE=''
am__include='include'
am__isrc=''
am__leading_dot='.'
am__nodep='_no'
am__quote=''
am__tar='$${TAR-tar} chof - "$$tardir"'
am__untar='$${TAR-tar} xf -'
bindir='${exec_prefix}/bin'
build='x86_64-unknown-linux-gnu'
build_alias=''
build_cpu='x86_64'
build_os='linux-gnu'
build_vendor='unknown'
datadir='${datarootdir}'
datarootdir='${prefix}/share'
docdir='${datarootdir}/doc/${PACKAGE_TARNAME}'
dvidir='${docdir}'
exec_prefix='NONE'
host_alias=''
htmldir='${docdir}'
includedir='${prefix}/include'
infodir='${datarootdir}/info'
install_sh='${SHELL} /var/www/ocelot-0.6/install-sh'
libdir='${exec_prefix}/lib'
libexecdir='${exec_prefix}/libexec'
localedir='${datarootdir}/locale'
localstatedir='${prefix}/var'
mandir='${datarootdir}/man'
mkdir_p='$(MKDIR_P)'
oldincludedir='/usr/include'
pdfdir='${docdir}'
prefix='NONE'
program_transform_name='s,x,x,'
psdir='${docdir}'
sbindir='${exec_prefix}/sbin'
sharedstatedir='${prefix}/com'
sysconfdir='${prefix}/etc'
target_alias=''

## ----------- ##
## confdefs.h. ##
## ----------- ##

/* confdefs.h */
#define PACKAGE_NAME "ocelot"
#define PACKAGE_TARNAME "ocelot"
#define PACKAGE_VERSION "0.6"
#define PACKAGE_STRING "ocelot 0.6"
#define PACKAGE_BUGREPORT ""
#define PACKAGE_URL ""
#define HAVE_BOOST /**/
#define HAVE_BOOST_IOSTREAMS /**/
#define HAVE_BOOST_SYSTEM /**/
#define HAVE_BOOST_THREAD /**/
#define STDC_HEADERS 1
#define HAVE_SYS_TYPES_H 1
#define HAVE_SYS_STAT_H 1
#define HAVE_STDLIB_H 1
#define HAVE_STRING_H 1
#define HAVE_MEMORY_H 1
#define HAVE_STRINGS_H 1
#define HAVE_INTTYPES_H 1
#define HAVE_STDINT_H 1
#define HAVE_UNISTD_H 1

configure: exit 1
